<html>
<body>
<pre>
<h1>µVision Build Log</h1>
<h2>Tool Versions:</h2>
IDE-Version: ¦ÌVision V5.14.1
Copyright (C) 2015 ARM Ltd and ARM Germany GmbH. All rights reserved.
License Information: liu xunzi, no, LIC=----
 
Tool Versions:
Toolchain:       PK51 Prof. Develpers Kit  Version: 9.54
Toolchain Path:  D:\keil51\C51\BIN
C Compiler:      C51.exe V9.54
Assembler:       A51.exe V8.02c
Linker/Locator:  BL51.exe V6.22
Library Manager: LIB51.exe V4.30.1.0
Hex Converter:   OH51.exe V2.7.0.0
CPU DLL:         S8051.DLL V3.100.0.0
Dialog DLL:      DP51.DLL V2.62.0.1 
<h2>Project:</h2>
D:\stm32_code\51\51.uvproj
Project File Date:  05/15/2023

<h2>Output:</h2>
Rebuild target 'Target 1'
compiling main.c...
main.c(15): error C244: 'num': can't initialize, bad type or class
main.c(15): error C132: 'num': not in formal parameter list
main.c(18): error C132: 'main': not in formal parameter list
main.c(18): error C141: syntax error near '{'
main.c(19): error C132: 'UART_Init': not in formal parameter list
main.c(20): error C141: syntax error near '0x11'
main.c(20): error C132: 'UART_SendByte': not in formal parameter list
main.c(21): error C141: syntax error near 'while'
main.c(21): error C141: syntax error near '1'
main.c(23): error C141: syntax error near '++', expected ')'
main.c(24): error C141: syntax error near '1000'
main.c(24): error C231: '_Delay': redefinition
main.c(25): error C141: syntax error near '}'
compiling delay.c...
compiling MatrixKey.c...
compiling UART.c...
Target not created.
</pre>
</body>
</html>
